Arguments: 
  /Users/ryoui/.nodebrew/node/v12.2.0/bin/node /usr/local/Cellar/yarn/1.16.0/libexec/bin/yarn.js init

PATH: 
  /Users/ryoui/.opam/default/bin:/Users/ryoui/.rbenv/shims:/Users/ryoui/.cargo/bin:/Users/ryoui/.nodebrew/node/v12.2.0/bin/:/Users/ryoui/.stack/programs/x86_64-osx/ghc-8.4.4/bin:/Users/ryoui/.local/bin:/Library/Frameworks/Python.framework/Versions/3.7/bin:/usr/local/bin:/usr/bin:/bin:/usr/sbin:/sbin:/Library/TeX/texbin:/usr/local/share/dotnet:~/.dotnet/tools:/Library/Apple/usr/bin:/Library/Frameworks/Mono.framework/Versions/Current/Commands:/Users/ryoui/.rbenv/shims:/Users/ryoui/Downloads/google-cloud-sdk/bin:/Users/ryoui/.opam/default/bin:/Users/ryoui/.cargo/bin:/Users/ryoui/.nodebrew/node/v12.2.0/bin/:/Users/ryoui/.stack/programs/x86_64-osx/ghc-8.4.4/bin:/Users/ryoui/.local/bin:/Library/Frameworks/Python.framework/Versions/3.7/bin

Yarn version: 
  1.16.0

Node version: 
  12.2.0

Platform: 
  darwin x64

Trace: 
  Error: canceled
      at Interface.<anonymous> (/usr/local/Cellar/yarn/1.16.0/libexec/lib/cli.js:125850:13)
      at Interface.emit (events.js:196:13)
      at Interface._ttyWrite (readline.js:877:16)
      at ReadStream.onkeypress (readline.js:189:10)
      at ReadStream.emit (events.js:196:13)
      at emitKeys (internal/readline.js:424:14)
      at emitKeys.next (<anonymous>)
      at ReadStream.onData (readline.js:1145:36)
      at ReadStream.emit (events.js:196:13)
      at addChunk (_stream_readable.js:290:12)

npm manifest: 
  {
    "name": "gigaorder",
    "version": "1.0.0",
    "description": "",
    "main": "index.js",
    "scripts": {
      "test": "echo \"Error: no test specified\" && exit 1"
    },
    "author": "",
    "license": "ISC",
    "dependencies": {
      "@types/aws-sdk": "^2.7.0",
      "@types/libxmljs": "^0.18.6",
      "@types/node-fetch": "^2.5.7",
      "aws-sdk": "^2.798.0",
      "libxmljs": "^0.19.7",
      "node-fetch": "^2.6.1",
      "typeorm-aurora-data-api-driver": "github:ArsenyYankovsky/typeorm-aurora-data-api-driver"
    }
  }

yarn manifest: 
  No manifest

Lockfile: 
  No lockfile
